2015-10-08 19:22:39.473 Loading config 'C:\Users\AstroAdmin\Desktop\Iowa Automation Project\config\observatory.cfg' [config.py:33 - read() INFO]
2015-10-08 19:22:39.477 Connecting to mount SiTech.Telescope [observatory.py:33 - setup_mount() INFO]
2015-10-08 19:22:40.528 Reading latitude and longitude from mount driver [observatory.py:38 - setup_mount() INFO]
2015-10-08 19:22:40.532 Latitude = 31.665574 [observatory.py:42 - setup_mount() INFO]
2015-10-08 19:22:40.532 Longitude = -110.601667 [observatory.py:43 - setup_mount() INFO]
2015-10-08 19:22:40.532 Launching MaxIm.Application [camera_maxim.py:22 - initialize() INFO]
2015-10-08 19:22:40.552 Launching MaxIm.CCDCamera [camera_maxim.py:26 - initialize() INFO]
2015-10-08 19:22:40.558 Connecting to camera [camera_maxim.py:30 - initialize() INFO]
2015-10-08 19:22:41.058 Connected to camera 'Apogee USB/Net' [camera_maxim.py:32 - initialize() INFO]
2015-10-08 19:22:41.062 Filters: [camera_maxim.py:33 - initialize() INFO]
2015-10-08 19:22:41.062  0: L - Luminance [camera_maxim.py:37 - initialize() INFO]
2015-10-08 19:22:41.068  1: R - Red [camera_maxim.py:37 - initialize() INFO]
2015-10-08 19:22:41.068  2: V - Green [camera_maxim.py:37 - initialize() INFO]
2015-10-08 19:22:41.068  3: B - Blue [camera_maxim.py:37 - initialize() INFO]
2015-10-08 19:22:41.068  4: T - TGS [camera_maxim.py:37 - initialize() INFO]
2015-10-08 19:22:41.068  5: H - Halpha [camera_maxim.py:37 - initialize() INFO]
2015-10-08 19:22:41.072  6: O - OIII [camera_maxim.py:37 - initialize() INFO]
2015-10-08 19:22:41.072  7: W - Longpass IR [camera_maxim.py:37 - initialize() INFO]
2015-10-08 19:22:41.072  8: N - None [camera_maxim.py:37 - initialize() INFO]
2015-10-08 19:22:41.072 Connecting to focuser ASCOM.PWI3.Focuser [observatory.py:49 - setup_focuser() INFO]
2015-10-08 19:22:41.407 Connected to focuser. Current position = 16034 [observatory.py:53 - setup_focuser() INFO]
2015-10-08 19:22:41.407 Initializing PlaneWave AutoFocus library [autofocus_pwi.py:16 - initialize() INFO]
2015-10-08 19:22:41.417 Starting PWI if needed [autofocus_pwi.py:19 - initialize() INFO]
2015-10-08 19:22:41.443 Connecting to focuser if needed [autofocus_pwi.py:23 - initialize() INFO]
2015-10-08 19:22:41.447 Focuser is connected [autofocus_pwi.py:31 - initialize() INFO]
2015-10-08 19:22:41.453 *** Iteration 1 of 3, filter 1 of 3 *** [measure_filter_focus_offsets.py:79 - main() INFO]
2015-10-08 19:22:41.453 Setting filter 0 (L - Luminance) [measure_filter_focus_offsets.py:82 - main() INFO]
2015-10-08 19:22:41.457 Setting exposure to 10 seconds [measure_filter_focus_offsets.py:85 - main() INFO]
2015-10-08 19:22:41.457 Determining best focus position [measure_filter_focus_offsets.py:88 - main() INFO]
2015-10-08 19:22:41.457 Attempting to run PlaneWave AutoFocus [autofocus_pwi.py:54 - run_autofocus() INFO]
2015-10-08 19:22:41.463 Beginning AutoFocus [autofocus_pwi.py:62 - run_autofocus() INFO]
2015-10-08 19:22:41.667 Auto Focus Starting, Steps=5, Size=500 micron, Exp=10.0 s [autofocus_pwi.py:100 - _consume_planewave_autofocus_messages() INFO]
2015-10-08 19:22:41.667 Focus images will be saved to C:\Users\AstroAdmin\Documents\PlaneWave Instruments\Images\Focus\2015-10-08\192241\ [autofocus_pwi.py:100 - _consume_planewave_autofocus_messages() INFO]
2015-10-08 19:22:42.072 Step 1/5  Moving to 17034 microns [autofocus_pwi.py:100 - _consume_planewave_autofocus_messages() INFO]
2015-10-08 19:22:58.703 Step 1/5   Taking 10 second exposure [autofocus_pwi.py:100 - _consume_planewave_autofocus_messages() INFO]
2015-10-08 19:23:14.121 Step 2/5  Moving to 16534 microns [autofocus_pwi.py:100 - _consume_planewave_autofocus_messages() INFO]
2015-10-08 19:23:26.694 Step 2/5   Taking 10 second exposure [autofocus_pwi.py:100 - _consume_planewave_autofocus_messages() INFO]
2015-10-08 19:23:41.505 Step 3/5  Moving to 16034 microns [autofocus_pwi.py:100 - _consume_planewave_autofocus_messages() INFO]
2015-10-08 19:23:53.934 Step 3/5   Taking 10 second exposure [autofocus_pwi.py:100 - _consume_planewave_autofocus_messages() INFO]
2015-10-08 19:24:08.963 Step 4/5  Moving to 15534 microns [autofocus_pwi.py:100 - _consume_planewave_autofocus_messages() INFO]
2015-10-08 19:24:21.861 Step 4/5   Taking 10 second exposure [autofocus_pwi.py:100 - _consume_planewave_autofocus_messages() INFO]
2015-10-08 19:24:36.865 Step 5/5  Moving to 15034 microns [autofocus_pwi.py:100 - _consume_planewave_autofocus_messages() INFO]
2015-10-08 19:24:49.319 Step 5/5   Taking 10 second exposure [autofocus_pwi.py:100 - _consume_planewave_autofocus_messages() INFO]
2015-10-08 19:25:03.573 AutoFocus: Running PlateSolve for focus analysis [autofocus_pwi.py:100 - _consume_planewave_autofocus_messages() INFO]
2015-10-08 19:25:06.573 AutoFocus: Moving to Best Focus = 17097 Micron [autofocus_pwi.py:100 - _consume_planewave_autofocus_messages() INFO]
2015-10-08 19:25:06.573 AutoFocus: Ambient temperature (EFA) = 14.9 [autofocus_pwi.py:100 - _consume_planewave_autofocus_messages() INFO]
2015-10-08 19:25:06.573 AutoFocus: Primary temperature = 16.1 [autofocus_pwi.py:100 - _consume_planewave_autofocus_messages() INFO]
2015-10-08 19:25:06.573 AutoFocus: In-focus star diameter (estimated, pixels) = 2.78 [autofocus_pwi.py:100 - _consume_planewave_autofocus_messages() INFO]
2015-10-08 19:25:06.578 AutoFocus: Focus tolerance (3% diameter change) = 104.3 microns [autofocus_pwi.py:100 - _consume_planewave_autofocus_messages() INFO]
2015-10-08 19:25:23.309 AutoFocus: Finished [autofocus_pwi.py:100 - _consume_planewave_autofocus_messages() INFO]
2015-10-08 19:25:23.513 AutoFocus run SUCCEEDED [autofocus_pwi.py:73 - run_autofocus() INFO]
2015-10-08 19:25:23.519 Best focus result: 17097 [measure_filter_focus_offsets.py:91 - main() INFO]
2015-10-08 19:25:23.523 *** Iteration 1 of 3, filter 2 of 3 *** [measure_filter_focus_offsets.py:79 - main() INFO]
2015-10-08 19:25:23.533 Setting filter 1 (R - Red) [measure_filter_focus_offsets.py:82 - main() INFO]
2015-10-08 19:25:23.559 Setting exposure to 10 seconds [measure_filter_focus_offsets.py:85 - main() INFO]
2015-10-08 19:25:23.559 Determining best focus position [measure_filter_focus_offsets.py:88 - main() INFO]
2015-10-08 19:25:23.559 Attempting to run PlaneWave AutoFocus [autofocus_pwi.py:54 - run_autofocus() INFO]
2015-10-08 19:25:23.563 Beginning AutoFocus [autofocus_pwi.py:62 - run_autofocus() INFO]
2015-10-08 19:25:23.569 Auto Focus Stopped [autofocus_pwi.py:100 - _consume_planewave_autofocus_messages() INFO]
2015-10-08 19:25:23.969 Auto Focus Starting, Steps=5, Size=500 micron, Exp=10.0 s [autofocus_pwi.py:100 - _consume_planewave_autofocus_messages() INFO]
2015-10-08 19:25:23.969 Focus images will be saved to C:\Users\AstroAdmin\Documents\PlaneWave Instruments\Images\Focus\2015-10-08\192523\ [autofocus_pwi.py:100 - _consume_planewave_autofocus_messages() INFO]
2015-10-08 19:25:24.168 Step 1/5  Moving to 18097 microns [autofocus_pwi.py:100 - _consume_planewave_autofocus_messages() INFO]
2015-10-08 19:25:41.256 Step 1/5   Taking 10 second exposure [autofocus_pwi.py:100 - _consume_planewave_autofocus_messages() INFO]
2015-10-08 19:25:56.305 Step 2/5  Moving to 17597 microns [autofocus_pwi.py:100 - _consume_planewave_autofocus_messages() INFO]
2015-10-08 19:26:08.746 Step 2/5   Taking 10 second exposure [autofocus_pwi.py:100 - _consume_planewave_autofocus_messages() INFO]
2015-10-08 19:26:23.769 Step 3/5  Moving to 17097 microns [autofocus_pwi.py:100 - _consume_planewave_autofocus_messages() INFO]
2015-10-08 19:26:36.578 Step 3/5   Taking 10 second exposure [autofocus_pwi.py:100 - _consume_planewave_autofocus_messages() INFO]
2015-10-08 19:26:51.683 Step 4/5  Moving to 16597 microns [autofocus_pwi.py:100 - _consume_planewave_autofocus_messages() INFO]
2015-10-08 19:27:03.917 Step 4/5   Taking 10 second exposure [autofocus_pwi.py:100 - _consume_planewave_autofocus_messages() INFO]
2015-10-08 19:27:18.963 Step 5/5  Moving to 16097 microns [autofocus_pwi.py:100 - _consume_planewave_autofocus_messages() INFO]
2015-10-08 19:27:31.891 Step 5/5   Taking 10 second exposure [autofocus_pwi.py:100 - _consume_planewave_autofocus_messages() INFO]
2015-10-08 19:27:45.905 AutoFocus: Running PlateSolve for focus analysis [autofocus_pwi.py:100 - _consume_planewave_autofocus_messages() INFO]
2015-10-08 19:27:48.911 AutoFocus: Moving to Best Focus = 17046 Micron [autofocus_pwi.py:100 - _consume_planewave_autofocus_messages() INFO]
2015-10-08 19:27:48.911 AutoFocus: Ambient temperature (EFA) = 14.8 [autofocus_pwi.py:100 - _consume_planewave_autofocus_messages() INFO]
2015-10-08 19:27:48.915 AutoFocus: Primary temperature = 16.1 [autofocus_pwi.py:100 - _consume_planewave_autofocus_messages() INFO]
2015-10-08 19:27:48.915 AutoFocus: In-focus star diameter (estimated, pixels) = 2.67 [autofocus_pwi.py:100 - _consume_planewave_autofocus_messages() INFO]
2015-10-08 19:27:48.915 AutoFocus: Focus tolerance (3% diameter change) = 97.31 microns [autofocus_pwi.py:100 - _consume_planewave_autofocus_messages() INFO]
2015-10-08 19:28:04.960 AutoFocus: Finished [autofocus_pwi.py:100 - _consume_planewave_autofocus_messages() INFO]
2015-10-08 19:28:05.161 AutoFocus run SUCCEEDED [autofocus_pwi.py:73 - run_autofocus() INFO]
2015-10-08 19:28:05.165 Best focus result: 17046 [measure_filter_focus_offsets.py:91 - main() INFO]
2015-10-08 19:28:05.171 *** Iteration 1 of 3, filter 3 of 3 *** [measure_filter_focus_offsets.py:79 - main() INFO]
2015-10-08 19:28:05.171 Setting filter 8 (N - None) [measure_filter_focus_offsets.py:82 - main() INFO]
2015-10-08 19:28:05.180 Setting exposure to 10 seconds [measure_filter_focus_offsets.py:85 - main() INFO]
2015-10-08 19:28:05.180 Determining best focus position [measure_filter_focus_offsets.py:88 - main() INFO]
2015-10-08 19:28:05.186 Attempting to run PlaneWave AutoFocus [autofocus_pwi.py:54 - run_autofocus() INFO]
2015-10-08 19:28:05.186 Beginning AutoFocus [autofocus_pwi.py:62 - run_autofocus() INFO]
2015-10-08 19:28:05.190 Auto Focus Stopped [autofocus_pwi.py:100 - _consume_planewave_autofocus_messages() INFO]
2015-10-08 19:28:05.595 Auto Focus Starting, Steps=5, Size=500 micron, Exp=10.0 s [autofocus_pwi.py:100 - _consume_planewave_autofocus_messages() INFO]
2015-10-08 19:28:05.595 Focus images will be saved to C:\Users\AstroAdmin\Documents\PlaneWave Instruments\Images\Focus\2015-10-08\192805\ [autofocus_pwi.py:100 - _consume_planewave_autofocus_messages() INFO]
2015-10-08 19:28:06.000 Step 1/5  Moving to 18046 microns [autofocus_pwi.py:100 - _consume_planewave_autofocus_messages() INFO]
2015-10-08 19:28:21.290 Step 1/5   Taking 10 second exposure [autofocus_pwi.py:100 - _consume_planewave_autofocus_messages() INFO]
2015-10-08 19:28:36.357 Step 2/5  Moving to 17546 microns [autofocus_pwi.py:100 - _consume_planewave_autofocus_messages() INFO]
2015-10-08 19:28:52.006 Step 2/5   Taking 10 second exposure [autofocus_pwi.py:100 - _consume_planewave_autofocus_messages() INFO]
2015-10-08 19:29:07.023 Step 3/5  Moving to 17046 microns [autofocus_pwi.py:100 - _consume_planewave_autofocus_messages() INFO]
2015-10-08 19:29:19.483 Step 3/5   Taking 10 second exposure [autofocus_pwi.py:100 - _consume_planewave_autofocus_messages() INFO]
2015-10-08 19:29:34.532 Step 4/5  Moving to 16546 microns [autofocus_pwi.py:100 - _consume_planewave_autofocus_messages() INFO]
2015-10-08 19:29:46.561 Step 4/5   Taking 10 second exposure [autofocus_pwi.py:100 - _consume_planewave_autofocus_messages() INFO]
2015-10-08 19:30:01.608 Step 5/5  Moving to 16046 microns [autofocus_pwi.py:100 - _consume_planewave_autofocus_messages() INFO]
2015-10-08 19:30:14.259 Step 5/5   Taking 10 second exposure [autofocus_pwi.py:100 - _consume_planewave_autofocus_messages() INFO]
2015-10-08 19:30:28.338 AutoFocus: Running PlateSolve for focus analysis [autofocus_pwi.py:100 - _consume_planewave_autofocus_messages() INFO]
2015-10-08 19:30:30.753 AutoFocus: Moving to Best Focus = 16118 Micron [autofocus_pwi.py:100 - _consume_planewave_autofocus_messages() INFO]
2015-10-08 19:30:30.753 AutoFocus: Ambient temperature (EFA) = 14.8 [autofocus_pwi.py:100 - _consume_planewave_autofocus_messages() INFO]
2015-10-08 19:30:30.753 AutoFocus: Primary temperature = 16.0 [autofocus_pwi.py:100 - _consume_planewave_autofocus_messages() INFO]
2015-10-08 19:30:30.753 AutoFocus: In-focus star diameter (estimated, pixels) = 2.82 [autofocus_pwi.py:100 - _consume_planewave_autofocus_messages() INFO]
2015-10-08 19:30:30.759 AutoFocus: Focus tolerance (3% diameter change) = 103.5 microns [autofocus_pwi.py:100 - _consume_planewave_autofocus_messages() INFO]
2015-10-08 19:30:43.188 AutoFocus: Finished [autofocus_pwi.py:100 - _consume_planewave_autofocus_messages() INFO]
2015-10-08 19:30:43.388 AutoFocus run SUCCEEDED [autofocus_pwi.py:73 - run_autofocus() INFO]
2015-10-08 19:30:43.388 Best focus result: 16118 [measure_filter_focus_offsets.py:91 - main() INFO]
2015-10-08 19:30:43.394 *** Iteration 2 of 3, filter 1 of 3 *** [measure_filter_focus_offsets.py:79 - main() INFO]
2015-10-08 19:30:43.394 Setting filter 0 (L - Luminance) [measure_filter_focus_offsets.py:82 - main() INFO]
2015-10-08 19:30:43.398 Setting exposure to 10 seconds [measure_filter_focus_offsets.py:85 - main() INFO]
2015-10-08 19:30:43.404 Determining best focus position [measure_filter_focus_offsets.py:88 - main() INFO]
2015-10-08 19:30:43.404 Attempting to run PlaneWave AutoFocus [autofocus_pwi.py:54 - run_autofocus() INFO]
2015-10-08 19:30:43.408 Beginning AutoFocus [autofocus_pwi.py:62 - run_autofocus() INFO]
2015-10-08 19:30:43.408 Auto Focus Stopped [autofocus_pwi.py:100 - _consume_planewave_autofocus_messages() INFO]
2015-10-08 19:30:43.813 Auto Focus Starting, Steps=5, Size=500 micron, Exp=10.0 s [autofocus_pwi.py:100 - _consume_planewave_autofocus_messages() INFO]
2015-10-08 19:30:43.813 Focus images will be saved to C:\Users\AstroAdmin\Documents\PlaneWave Instruments\Images\Focus\2015-10-08\193043\ [autofocus_pwi.py:100 - _consume_planewave_autofocus_messages() INFO]
2015-10-08 19:30:44.213 Step 1/5  Moving to 17118 microns [autofocus_pwi.py:100 - _consume_planewave_autofocus_messages() INFO]
2015-10-08 19:31:00.648 Step 1/5   Taking 10 second exposure [autofocus_pwi.py:100 - _consume_planewave_autofocus_messages() INFO]
2015-10-08 19:31:15.700 Step 2/5  Moving to 16618 microns [autofocus_pwi.py:100 - _consume_planewave_autofocus_messages() INFO]
2015-10-08 19:31:27.740 Step 2/5   Taking 10 second exposure [autofocus_pwi.py:100 - _consume_planewave_autofocus_messages() INFO]
2015-10-08 19:31:42.766 Step 3/5  Moving to 16118 microns [autofocus_pwi.py:100 - _consume_planewave_autofocus_messages() INFO]
2015-10-08 19:31:55.230 Step 3/5   Taking 10 second exposure [autofocus_pwi.py:100 - _consume_planewave_autofocus_messages() INFO]
2015-10-08 19:32:10.305 Step 4/5  Moving to 15618 microns [autofocus_pwi.py:100 - _consume_planewave_autofocus_messages() INFO]
2015-10-08 19:32:22.342 Step 4/5   Taking 10 second exposure [autofocus_pwi.py:100 - _consume_planewave_autofocus_messages() INFO]
2015-10-08 19:32:37.411 Step 5/5  Moving to 15118 microns [autofocus_pwi.py:100 - _consume_planewave_autofocus_messages() INFO]
2015-10-08 19:32:49.891 Step 5/5   Taking 10 second exposure [autofocus_pwi.py:100 - _consume_planewave_autofocus_messages() INFO]
2015-10-08 19:33:03.914 AutoFocus: Running PlateSolve for focus analysis [autofocus_pwi.py:100 - _consume_planewave_autofocus_messages() INFO]
2015-10-08 19:33:07.130 AutoFocus: Moving to Best Focus = 17058 Micron [autofocus_pwi.py:100 - _consume_planewave_autofocus_messages() INFO]
2015-10-08 19:33:07.134 AutoFocus: Ambient temperature (EFA) = 14.6 [autofocus_pwi.py:100 - _consume_planewave_autofocus_messages() INFO]
2015-10-08 19:33:07.134 AutoFocus: Primary temperature = 16.0 [autofocus_pwi.py:100 - _consume_planewave_autofocus_messages() INFO]
2015-10-08 19:33:07.134 AutoFocus: In-focus star diameter (estimated, pixels) = 2.73 [autofocus_pwi.py:100 - _consume_planewave_autofocus_messages() INFO]
2015-10-08 19:33:07.134 AutoFocus: Focus tolerance (3% diameter change) = 98.8 microns [autofocus_pwi.py:100 - _consume_planewave_autofocus_messages() INFO]
2015-10-08 19:33:22.819 AutoFocus: Finished [autofocus_pwi.py:100 - _consume_planewave_autofocus_messages() INFO]
2015-10-08 19:33:23.220 AutoFocus run SUCCEEDED [autofocus_pwi.py:73 - run_autofocus() INFO]
2015-10-08 19:33:23.220 Best focus result: 17058 [measure_filter_focus_offsets.py:91 - main() INFO]
2015-10-08 19:33:23.220 *** Iteration 2 of 3, filter 2 of 3 *** [measure_filter_focus_offsets.py:79 - main() INFO]
2015-10-08 19:33:23.220 Setting filter 1 (R - Red) [measure_filter_focus_offsets.py:82 - main() INFO]
2015-10-08 19:33:23.230 Setting exposure to 10 seconds [measure_filter_focus_offsets.py:85 - main() INFO]
2015-10-08 19:33:23.230 Determining best focus position [measure_filter_focus_offsets.py:88 - main() INFO]
2015-10-08 19:33:23.230 Attempting to run PlaneWave AutoFocus [autofocus_pwi.py:54 - run_autofocus() INFO]
2015-10-08 19:33:23.230 Beginning AutoFocus [autofocus_pwi.py:62 - run_autofocus() INFO]
2015-10-08 19:33:23.234 Auto Focus Stopped [autofocus_pwi.py:100 - _consume_planewave_autofocus_messages() INFO]
2015-10-08 19:33:23.640 Auto Focus Starting, Steps=5, Size=500 micron, Exp=10.0 s [autofocus_pwi.py:100 - _consume_planewave_autofocus_messages() INFO]
2015-10-08 19:33:23.644 Focus images will be saved to C:\Users\AstroAdmin\Documents\PlaneWave Instruments\Images\Focus\2015-10-08\193323\ [autofocus_pwi.py:100 - _consume_planewave_autofocus_messages() INFO]
2015-10-08 19:33:23.845 Step 1/5  Moving to 18058 microns [autofocus_pwi.py:100 - _consume_planewave_autofocus_messages() INFO]
2015-10-08 19:33:40.588 Step 1/5   Taking 10 second exposure [autofocus_pwi.py:100 - _consume_planewave_autofocus_messages() INFO]
2015-10-08 19:33:55.428 Step 2/5  Moving to 17558 microns [autofocus_pwi.py:100 - _consume_planewave_autofocus_messages() INFO]
2015-10-08 19:34:07.529 Step 2/5   Taking 10 second exposure [autofocus_pwi.py:100 - _consume_planewave_autofocus_messages() INFO]
2015-10-08 19:34:22.380 Step 3/5  Moving to 17058 microns [autofocus_pwi.py:100 - _consume_planewave_autofocus_messages() INFO]
2015-10-08 19:34:34.410 Step 3/5   Taking 10 second exposure [autofocus_pwi.py:100 - _consume_planewave_autofocus_messages() INFO]
2015-10-08 19:34:49.313 Step 4/5  Moving to 16558 microns [autofocus_pwi.py:100 - _consume_planewave_autofocus_messages() INFO]
2015-10-08 19:35:01.555 Step 4/5   Taking 10 second exposure [autofocus_pwi.py:100 - _consume_planewave_autofocus_messages() INFO]
2015-10-08 19:35:16.453 Step 5/5  Moving to 16058 microns [autofocus_pwi.py:100 - _consume_planewave_autofocus_messages() INFO]
2015-10-08 19:35:29.292 Step 5/5   Taking 10 second exposure [autofocus_pwi.py:100 - _consume_planewave_autofocus_messages() INFO]
2015-10-08 19:35:43.332 AutoFocus: Running PlateSolve for focus analysis [autofocus_pwi.py:100 - _consume_planewave_autofocus_messages() INFO]
2015-10-08 19:35:46.346 AutoFocus: Moving to Best Focus = 17037 Micron [autofocus_pwi.py:100 - _consume_planewave_autofocus_messages() INFO]
2015-10-08 19:35:46.351 AutoFocus: Ambient temperature (EFA) = 14.6 [autofocus_pwi.py:100 - _consume_planewave_autofocus_messages() INFO]
2015-10-08 19:35:46.351 AutoFocus: Primary temperature = 15.9 [autofocus_pwi.py:100 - _consume_planewave_autofocus_messages() INFO]
2015-10-08 19:35:46.357 AutoFocus: In-focus star diameter (estimated, pixels) = 2.64 [autofocus_pwi.py:100 - _consume_planewave_autofocus_messages() INFO]
2015-10-08 19:35:46.357 AutoFocus: Focus tolerance (3% diameter change) = 90.12 microns [autofocus_pwi.py:100 - _consume_planewave_autofocus_messages() INFO]
2015-10-08 19:36:03.480 AutoFocus: Finished [autofocus_pwi.py:100 - _consume_planewave_autofocus_messages() INFO]
2015-10-08 19:36:03.680 AutoFocus run SUCCEEDED [autofocus_pwi.py:73 - run_autofocus() INFO]
2015-10-08 19:36:03.680 Best focus result: 17037 [measure_filter_focus_offsets.py:91 - main() INFO]
2015-10-08 19:36:03.684 *** Iteration 2 of 3, filter 3 of 3 *** [measure_filter_focus_offsets.py:79 - main() INFO]
2015-10-08 19:36:03.684 Setting filter 8 (N - None) [measure_filter_focus_offsets.py:82 - main() INFO]
2015-10-08 19:36:03.694 Setting exposure to 10 seconds [measure_filter_focus_offsets.py:85 - main() INFO]
2015-10-08 19:36:03.694 Determining best focus position [measure_filter_focus_offsets.py:88 - main() INFO]
2015-10-08 19:36:03.694 Attempting to run PlaneWave AutoFocus [autofocus_pwi.py:54 - run_autofocus() INFO]
2015-10-08 19:36:03.700 Beginning AutoFocus [autofocus_pwi.py:62 - run_autofocus() INFO]
2015-10-08 19:36:03.700 Auto Focus Stopped [autofocus_pwi.py:100 - _consume_planewave_autofocus_messages() INFO]
2015-10-08 19:36:04.099 Auto Focus Starting, Steps=5, Size=500 micron, Exp=10.0 s [autofocus_pwi.py:100 - _consume_planewave_autofocus_messages() INFO]
2015-10-08 19:36:04.099 Focus images will be saved to C:\Users\AstroAdmin\Documents\PlaneWave Instruments\Images\Focus\2015-10-08\193603\ [autofocus_pwi.py:100 - _consume_planewave_autofocus_messages() INFO]
2015-10-08 19:36:04.299 Step 1/5  Moving to 18037 microns [autofocus_pwi.py:100 - _consume_planewave_autofocus_messages() INFO]
2015-10-08 19:36:18.733 Step 1/5   Taking 10 second exposure [autofocus_pwi.py:100 - _consume_planewave_autofocus_messages() INFO]
2015-10-08 19:36:33.782 Step 2/5  Moving to 17537 microns [autofocus_pwi.py:100 - _consume_planewave_autofocus_messages() INFO]
2015-10-08 19:36:49.415 Step 2/5   Taking 10 second exposure [autofocus_pwi.py:100 - _consume_planewave_autofocus_messages() INFO]
2015-10-08 19:37:04.433 Step 3/5  Moving to 17037 microns [autofocus_pwi.py:100 - _consume_planewave_autofocus_messages() INFO]
2015-10-08 19:37:16.967 Step 3/5   Taking 10 second exposure [autofocus_pwi.py:100 - _consume_planewave_autofocus_messages() INFO]
2015-10-08 19:37:31.990 Step 4/5  Moving to 16537 microns [autofocus_pwi.py:100 - _consume_planewave_autofocus_messages() INFO]
2015-10-08 19:37:44.559 Step 4/5   Taking 10 second exposure [autofocus_pwi.py:100 - _consume_planewave_autofocus_messages() INFO]
2015-10-08 19:37:59.390 Step 5/5  Moving to 16037 microns [autofocus_pwi.py:100 - _consume_planewave_autofocus_messages() INFO]
2015-10-08 19:38:11.868 Step 5/5   Taking 10 second exposure [autofocus_pwi.py:100 - _consume_planewave_autofocus_messages() INFO]
2015-10-08 19:38:25.914 AutoFocus: Running PlateSolve for focus analysis [autofocus_pwi.py:100 - _consume_planewave_autofocus_messages() INFO]
2015-10-08 19:38:28.914 AutoFocus: Moving to Best Focus = 16173 Micron [autofocus_pwi.py:100 - _consume_planewave_autofocus_messages() INFO]
2015-10-08 19:38:28.914 AutoFocus: Ambient temperature (EFA) = 14.5 [autofocus_pwi.py:100 - _consume_planewave_autofocus_messages() INFO]
2015-10-08 19:38:28.914 AutoFocus: Primary temperature = 15.9 [autofocus_pwi.py:100 - _consume_planewave_autofocus_messages() INFO]
2015-10-08 19:38:28.914 AutoFocus: In-focus star diameter (estimated, pixels) = 2.88 [autofocus_pwi.py:100 - _consume_planewave_autofocus_messages() INFO]
2015-10-08 19:38:28.914 AutoFocus: Focus tolerance (3% diameter change) = 104.6 microns [autofocus_pwi.py:100 - _consume_planewave_autofocus_messages() INFO]
2015-10-08 19:38:41.940 AutoFocus: Finished [autofocus_pwi.py:100 - _consume_planewave_autofocus_messages() INFO]
2015-10-08 19:38:42.339 AutoFocus run SUCCEEDED [autofocus_pwi.py:73 - run_autofocus() INFO]
2015-10-08 19:38:42.345 Best focus result: 16173 [measure_filter_focus_offsets.py:91 - main() INFO]
2015-10-08 19:38:42.345 *** Iteration 3 of 3, filter 1 of 3 *** [measure_filter_focus_offsets.py:79 - main() INFO]
2015-10-08 19:38:42.345 Setting filter 0 (L - Luminance) [measure_filter_focus_offsets.py:82 - main() INFO]
2015-10-08 19:38:42.349 Setting exposure to 10 seconds [measure_filter_focus_offsets.py:85 - main() INFO]
2015-10-08 19:38:42.349 Determining best focus position [measure_filter_focus_offsets.py:88 - main() INFO]
2015-10-08 19:38:42.355 Attempting to run PlaneWave AutoFocus [autofocus_pwi.py:54 - run_autofocus() INFO]
2015-10-08 19:38:42.359 Beginning AutoFocus [autofocus_pwi.py:62 - run_autofocus() INFO]
2015-10-08 19:38:42.365 Auto Focus Stopped [autofocus_pwi.py:100 - _consume_planewave_autofocus_messages() INFO]
2015-10-08 19:38:42.765 Auto Focus Starting, Steps=5, Size=500 micron, Exp=10.0 s [autofocus_pwi.py:100 - _consume_planewave_autofocus_messages() INFO]
2015-10-08 19:38:42.765 Focus images will be saved to C:\Users\AstroAdmin\Documents\PlaneWave Instruments\Images\Focus\2015-10-08\193842\ [autofocus_pwi.py:100 - _consume_planewave_autofocus_messages() INFO]
2015-10-08 19:38:42.974 Step 1/5  Moving to 17173 microns [autofocus_pwi.py:100 - _consume_planewave_autofocus_messages() INFO]
2015-10-08 19:39:00.009 Step 1/5   Taking 10 second exposure [autofocus_pwi.py:100 - _consume_planewave_autofocus_messages() INFO]
2015-10-08 19:39:15.036 Step 2/5  Moving to 16673 microns [autofocus_pwi.py:100 - _consume_planewave_autofocus_messages() INFO]
2015-10-08 19:39:26.785 Step 2/5   Taking 10 second exposure [autofocus_pwi.py:100 - _consume_planewave_autofocus_messages() INFO]
2015-10-08 19:39:41.589 Step 3/5  Moving to 16173 microns [autofocus_pwi.py:100 - _consume_planewave_autofocus_messages() INFO]
2015-10-08 19:39:54.052 Step 3/5   Taking 10 second exposure [autofocus_pwi.py:100 - _consume_planewave_autofocus_messages() INFO]
2015-10-08 19:40:09.121 Step 4/5  Moving to 15673 microns [autofocus_pwi.py:100 - _consume_planewave_autofocus_messages() INFO]
2015-10-08 19:40:21.526 Step 4/5   Taking 10 second exposure [autofocus_pwi.py:100 - _consume_planewave_autofocus_messages() INFO]
2015-10-08 19:40:36.556 Step 5/5  Moving to 15173 microns [autofocus_pwi.py:100 - _consume_planewave_autofocus_messages() INFO]
2015-10-08 19:40:48.986 Step 5/5   Taking 10 second exposure [autofocus_pwi.py:100 - _consume_planewave_autofocus_messages() INFO]
2015-10-08 19:41:03.273 AutoFocus: Running PlateSolve for focus analysis [autofocus_pwi.py:100 - _consume_planewave_autofocus_messages() INFO]
2015-10-08 19:41:06.473 AutoFocus: Moving to Best Focus = 17165 Micron [autofocus_pwi.py:100 - _consume_planewave_autofocus_messages() INFO]
2015-10-08 19:41:06.473 AutoFocus: Ambient temperature (EFA) = 14.4 [autofocus_pwi.py:100 - _consume_planewave_autofocus_messages() INFO]
2015-10-08 19:41:06.473 AutoFocus: Primary temperature = 15.8 [autofocus_pwi.py:100 - _consume_planewave_autofocus_messages() INFO]
2015-10-08 19:41:06.473 AutoFocus: In-focus star diameter (estimated, pixels) = 2.56 [autofocus_pwi.py:100 - _consume_planewave_autofocus_messages() INFO]
2015-10-08 19:41:06.473 AutoFocus: Focus tolerance (3% diameter change) = 97.91 microns [autofocus_pwi.py:100 - _consume_planewave_autofocus_messages() INFO]
2015-10-08 19:41:22.528 AutoFocus: Finished [autofocus_pwi.py:100 - _consume_planewave_autofocus_messages() INFO]
2015-10-08 19:41:22.927 AutoFocus run SUCCEEDED [autofocus_pwi.py:73 - run_autofocus() INFO]
2015-10-08 19:41:22.927 Best focus result: 17165 [measure_filter_focus_offsets.py:91 - main() INFO]
2015-10-08 19:41:22.927 *** Iteration 3 of 3, filter 2 of 3 *** [measure_filter_focus_offsets.py:79 - main() INFO]
2015-10-08 19:41:22.933 Setting filter 1 (R - Red) [measure_filter_focus_offsets.py:82 - main() INFO]
2015-10-08 19:41:22.953 Setting exposure to 10 seconds [measure_filter_focus_offsets.py:85 - main() INFO]
2015-10-08 19:41:22.953 Determining best focus position [measure_filter_focus_offsets.py:88 - main() INFO]
2015-10-08 19:41:22.953 Attempting to run PlaneWave AutoFocus [autofocus_pwi.py:54 - run_autofocus() INFO]
2015-10-08 19:41:22.953 Beginning AutoFocus [autofocus_pwi.py:62 - run_autofocus() INFO]
2015-10-08 19:41:22.953 Auto Focus Stopped [autofocus_pwi.py:100 - _consume_planewave_autofocus_messages() INFO]
2015-10-08 19:41:23.157 Auto Focus Starting, Steps=5, Size=500 micron, Exp=10.0 s [autofocus_pwi.py:100 - _consume_planewave_autofocus_messages() INFO]
2015-10-08 19:41:23.163 Focus images will be saved to C:\Users\AstroAdmin\Documents\PlaneWave Instruments\Images\Focus\2015-10-08\194123\ [autofocus_pwi.py:100 - _consume_planewave_autofocus_messages() INFO]
2015-10-08 19:41:23.572 Step 1/5  Moving to 18165 microns [autofocus_pwi.py:100 - _consume_planewave_autofocus_messages() INFO]
2015-10-08 19:41:40.210 Step 1/5   Taking 10 second exposure [autofocus_pwi.py:100 - _consume_planewave_autofocus_messages() INFO]
2015-10-08 19:41:54.851 Step 2/5  Moving to 17665 microns [autofocus_pwi.py:100 - _consume_planewave_autofocus_messages() INFO]
2015-10-08 19:42:07.316 Step 2/5   Taking 10 second exposure [autofocus_pwi.py:100 - _consume_planewave_autofocus_messages() INFO]
2015-10-08 19:42:22.357 Step 3/5  Moving to 17165 microns [autofocus_pwi.py:100 - _consume_planewave_autofocus_messages() INFO]
2015-10-08 19:42:34.786 Step 3/5   Taking 10 second exposure [autofocus_pwi.py:100 - _consume_planewave_autofocus_messages() INFO]
2015-10-08 19:42:49.816 Step 4/5  Moving to 16665 microns [autofocus_pwi.py:100 - _consume_planewave_autofocus_messages() INFO]
2015-10-08 19:43:02.726 Step 4/5   Taking 10 second exposure [autofocus_pwi.py:100 - _consume_planewave_autofocus_messages() INFO]
2015-10-08 19:43:17.749 Step 5/5  Moving to 16165 microns [autofocus_pwi.py:100 - _consume_planewave_autofocus_messages() INFO]
2015-10-08 19:43:30.174 Step 5/5   Taking 10 second exposure [autofocus_pwi.py:100 - _consume_planewave_autofocus_messages() INFO]
2015-10-08 19:43:44.397 AutoFocus: Running PlateSolve for focus analysis [autofocus_pwi.py:100 - _consume_planewave_autofocus_messages() INFO]
2015-10-08 19:43:47.397 AutoFocus: Moving to Best Focus = 17134 Micron [autofocus_pwi.py:100 - _consume_planewave_autofocus_messages() INFO]
2015-10-08 19:43:47.397 AutoFocus: Ambient temperature (EFA) = 14.3 [autofocus_pwi.py:100 - _consume_planewave_autofocus_messages() INFO]
2015-10-08 19:43:47.401 AutoFocus: Primary temperature = 15.7 [autofocus_pwi.py:100 - _consume_planewave_autofocus_messages() INFO]
2015-10-08 19:43:47.401 AutoFocus: In-focus star diameter (estimated, pixels) = 2.57 [autofocus_pwi.py:100 - _consume_planewave_autofocus_messages() INFO]
2015-10-08 19:43:47.407 AutoFocus: Focus tolerance (3% diameter change) = 93.81 microns [autofocus_pwi.py:100 - _consume_planewave_autofocus_messages() INFO]
2015-10-08 19:44:04.862 AutoFocus: Finished [autofocus_pwi.py:100 - _consume_planewave_autofocus_messages() INFO]
2015-10-08 19:44:05.062 AutoFocus run SUCCEEDED [autofocus_pwi.py:73 - run_autofocus() INFO]
2015-10-08 19:44:05.068 Best focus result: 17134 [measure_filter_focus_offsets.py:91 - main() INFO]
2015-10-08 19:44:05.068 *** Iteration 3 of 3, filter 3 of 3 *** [measure_filter_focus_offsets.py:79 - main() INFO]
2015-10-08 19:44:05.068 Setting filter 8 (N - None) [measure_filter_focus_offsets.py:82 - main() INFO]
2015-10-08 19:44:05.078 Setting exposure to 10 seconds [measure_filter_focus_offsets.py:85 - main() INFO]
2015-10-08 19:44:05.078 Determining best focus position [measure_filter_focus_offsets.py:88 - main() INFO]
2015-10-08 19:44:05.082 Attempting to run PlaneWave AutoFocus [autofocus_pwi.py:54 - run_autofocus() INFO]
2015-10-08 19:44:05.082 Beginning AutoFocus [autofocus_pwi.py:62 - run_autofocus() INFO]
2015-10-08 19:44:05.082 Auto Focus Stopped [autofocus_pwi.py:100 - _consume_planewave_autofocus_messages() INFO]
2015-10-08 19:44:05.507 Auto Focus Starting, Steps=5, Size=500 micron, Exp=10.0 s [autofocus_pwi.py:100 - _consume_planewave_autofocus_messages() INFO]
2015-10-08 19:44:05.507 Focus images will be saved to C:\Users\AstroAdmin\Documents\PlaneWave Instruments\Images\Focus\2015-10-08\194405\ [autofocus_pwi.py:100 - _consume_planewave_autofocus_messages() INFO]
2015-10-08 19:44:05.707 Step 1/5  Moving to 18134 microns [autofocus_pwi.py:100 - _consume_planewave_autofocus_messages() INFO]
2015-10-08 19:44:22.354 Step 1/5   Taking 10 second exposure [autofocus_pwi.py:100 - _consume_planewave_autofocus_messages() INFO]
2015-10-08 19:44:37.418 Step 2/5  Moving to 17634 microns [autofocus_pwi.py:100 - _consume_planewave_autofocus_messages() INFO]
2015-10-08 19:44:53.684 Step 2/5   Taking 10 second exposure [autofocus_pwi.py:100 - _consume_planewave_autofocus_messages() INFO]
2015-10-08 19:45:08.746 Step 3/5  Moving to 17134 microns [autofocus_pwi.py:100 - _consume_planewave_autofocus_messages() INFO]
2015-10-08 19:45:21.471 Step 3/5   Taking 10 second exposure [autofocus_pwi.py:100 - _consume_planewave_autofocus_messages() INFO]
2015-10-08 19:45:36.497 Step 4/5  Moving to 16634 microns [autofocus_pwi.py:100 - _consume_planewave_autofocus_messages() INFO]
2015-10-08 19:45:48.976 Step 4/5   Taking 10 second exposure [autofocus_pwi.py:100 - _consume_planewave_autofocus_messages() INFO]
2015-10-08 19:46:03.825 Step 5/5  Moving to 16134 microns [autofocus_pwi.py:100 - _consume_planewave_autofocus_messages() INFO]
2015-10-08 19:46:15.854 Step 5/5   Taking 10 second exposure [autofocus_pwi.py:100 - _consume_planewave_autofocus_messages() INFO]
2015-10-08 19:46:30.134 AutoFocus: Running PlateSolve for focus analysis [autofocus_pwi.py:100 - _consume_planewave_autofocus_messages() INFO]
2015-10-08 19:46:33.533 AutoFocus: Moving to Best Focus = 16138 Micron [autofocus_pwi.py:100 - _consume_planewave_autofocus_messages() INFO]
2015-10-08 19:46:33.533 AutoFocus: Ambient temperature (EFA) = 14.2 [autofocus_pwi.py:100 - _consume_planewave_autofocus_messages() INFO]
2015-10-08 19:46:33.533 AutoFocus: Primary temperature = 15.7 [autofocus_pwi.py:100 - _consume_planewave_autofocus_messages() INFO]
2015-10-08 19:46:33.533 AutoFocus: In-focus star diameter (estimated, pixels) = 2.52 [autofocus_pwi.py:100 - _consume_planewave_autofocus_messages() INFO]
2015-10-08 19:46:33.539 AutoFocus: Focus tolerance (3% diameter change) = 94.36 microns [autofocus_pwi.py:100 - _consume_planewave_autofocus_messages() INFO]
2015-10-08 19:46:45.378 AutoFocus: Finished [autofocus_pwi.py:100 - _consume_planewave_autofocus_messages() INFO]
2015-10-08 19:46:45.578 AutoFocus run SUCCEEDED [autofocus_pwi.py:73 - run_autofocus() INFO]
2015-10-08 19:46:45.578 Best focus result: 16138 [measure_filter_focus_offsets.py:91 - main() INFO]
2015-10-08 19:46:45.578 Final results:
    0: 17106.00, # Filter: L - Luminance, Measurements: (17097.00, 17058.00, 17165.00)
    1: 17072.00, # Filter: R - Red, Measurements: (17046.00, 17037.00, 17134.00)
    8: 16143.00, # Filter: N - None, Measurements: (16118.00, 16173.00, 16138.00)
 [measure_filter_focus_offsets.py:124 - main() INFO]
2015-10-08 19:47:45.538 Configuration written to C:\Users\AstroAdmin\Desktop\Iowa Automation Project\config\focus_offsets.cfg [measure_filter_focus_offsets.py:145 - main() INFO]
2016-02-11 20:15:36.066 Loading config 'D:\IOTA\config\observatory.cfg' [config.py:37 - read() INFO]
2016-02-11 20:15:36.082 Connecting to mount SiTech.Telescope [observatory.py:41 - setup_mount() INFO]
2016-02-11 20:15:37.161 Reading latitude and longitude from mount driver [observatory.py:46 - setup_mount() INFO]
2016-02-11 20:15:37.161 Latitude = 31.665574 [observatory.py:50 - setup_mount() INFO]
2016-02-11 20:15:37.167 Longitude = -110.601667 [observatory.py:51 - setup_mount() INFO]
2016-02-11 20:15:37.167 Launching MaxIm.Application [camera_maxim.py:22 - initialize() INFO]
2016-02-11 20:15:37.177 Launching MaxIm.CCDCamera [camera_maxim.py:26 - initialize() INFO]
2016-02-11 20:15:37.181 Connecting to camera [camera_maxim.py:30 - initialize() INFO]
2016-02-11 20:15:37.302 Connected to camera 'SBIG Universal' [camera_maxim.py:32 - initialize() INFO]
2016-02-11 20:15:37.302 Filters: [camera_maxim.py:33 - initialize() INFO]
2016-02-11 20:15:37.306  0: N - None [camera_maxim.py:37 - initialize() INFO]
2016-02-11 20:15:37.306  1: B - Blue [camera_maxim.py:37 - initialize() INFO]
2016-02-11 20:15:37.306  2: V - Visual [camera_maxim.py:37 - initialize() INFO]
2016-02-11 20:15:37.306  3: R - Red [camera_maxim.py:37 - initialize() INFO]
2016-02-11 20:15:37.306  4: H - Halpha [camera_maxim.py:37 - initialize() INFO]
2016-02-11 20:15:37.306  5: G - GRISM [camera_maxim.py:37 - initialize() INFO]
2016-02-11 20:15:37.306  6: W-  Longpass [camera_maxim.py:37 - initialize() INFO]
2016-02-11 20:15:37.306  7: O - Oxygen [camera_maxim.py:37 - initialize() INFO]
2016-02-11 20:15:37.312  8: Filter 9 [camera_maxim.py:37 - initialize() INFO]
2016-02-11 20:15:37.312  9: Filter 10 [camera_maxim.py:37 - initialize() INFO]
2016-02-11 20:15:37.312 Connecting to focuser ASCOM.PWI3.Focuser [observatory.py:57 - setup_focuser() INFO]
2016-02-11 20:15:37.637 Connected to focuser. Current position = 5965 [observatory.py:61 - setup_focuser() INFO]
2016-02-11 20:15:37.641 Initializing PlaneWave AutoFocus library [autofocus_pwi.py:16 - initialize() INFO]
2016-02-11 20:15:37.671 Starting PWI if needed [autofocus_pwi.py:19 - initialize() INFO]
2016-02-11 20:15:37.687 Connecting to focuser if needed [autofocus_pwi.py:23 - initialize() INFO]
2016-02-11 20:15:37.691 Focuser is connected [autofocus_pwi.py:31 - initialize() INFO]
2016-02-11 20:15:37.691 *** Iteration 1 of 3, filter 1 of 3 *** [measure_filter_focus_offsets.py:81 - main() INFO]
2016-02-11 20:15:37.691 Setting filter 0 (N - None) [measure_filter_focus_offsets.py:84 - main() INFO]
2016-02-11 20:15:37.697 Setting exposure to 10 seconds [measure_filter_focus_offsets.py:87 - main() INFO]
2016-02-11 20:15:37.697 Determining best focus position [measure_filter_focus_offsets.py:90 - main() INFO]
2016-02-11 20:15:37.697 Attempting to run PlaneWave AutoFocus [autofocus_pwi.py:54 - run_autofocus() INFO]
2016-02-11 20:15:37.697 Beginning AutoFocus [autofocus_pwi.py:62 - run_autofocus() INFO]
2016-02-11 20:15:38.107 AutoFocus: Auto Focus Starting, Steps=5, Step Size=500 micron, Exp=10.0 sec [autofocus_pwi.py:115 - _consume_planewave_autofocus_messages() INFO]
2016-02-11 20:15:38.107 AutoFocus: Focus images will be saved to D:\AutoFocusImages\2016-02-11\201537\ [autofocus_pwi.py:115 - _consume_planewave_autofocus_messages() INFO]
2016-02-11 20:15:38.312 AutoFocus: Connecting to camera via Maxim DL [autofocus_pwi.py:115 - _consume_planewave_autofocus_messages() INFO]
2016-02-11 20:15:38.917 AutoFocus: Step 1/5  Moving to 6965 microns [autofocus_pwi.py:115 - _consume_planewave_autofocus_messages() INFO]
